<?xml version="1.0" encoding="UTF-8"?>
<!-- Generated by org.testng.reporters.JUnitXMLReporter -->
<testsuite ignored="6" hostname="DESKTOP-EJKJD23" failures="0" tests="2" name="Default test" time="71.878" errors="0" timestamp="2023-12-07T02:46:07 PST">
  <testcase classname="almousafer.almosap" name="CheckhotelIsNotSelected" time="0.648"/>
  <testcase classname="almousafer.almosap" name="HotelTabSwitch" time="26.242"/>
  <testcase classname="almousafer.almosap" name="CheckTheDateOfTheWebSite" time="0.0">
    <ignored/>
  </testcase> <!-- CheckTheDateOfTheWebSite -->
  <testcase classname="almousafer.almosap" name="CheckTheFooter" time="0.0">
    <ignored/>
  </testcase> <!-- CheckTheFooter -->
  <testcase classname="almousafer.almosap" name="Checkthenumber" time="0.0">
    <ignored/>
  </testcase> <!-- Checkthenumber -->
  <testcase classname="almousafer.almosap" name="Chackthelanguage" time="0.0">
    <ignored/>
  </testcase> <!-- Chackthelanguage -->
  <testcase classname="almousafer.almosap" name="Changethelanguage" time="0.0">
    <ignored/>
  </testcase> <!-- Changethelanguage -->
  <testcase classname="almousafer.almosap" name="Chackthecarrancy" time="0.0">
    <ignored/>
  </testcase> <!-- Chackthecarrancy -->
</testsuite> <!-- Default test -->
