<?xml version="1.0" encoding="UTF-8"?>
<!-- Generated by org.testng.reporters.JUnitXMLReporter -->
<testsuite ignored="0" hostname="DESKTOP-EJKJD23" failures="0" tests="6" name="Default test" time="28.268" errors="0" timestamp="2023-11-28T17:19:05 PST">
  <testcase classname="almousafer.almosap" name="Chackthecarrancy" time="0.083"/>
  <testcase classname="almousafer.almosap" name="Chackthelanguage" time="0.098"/>
  <testcase classname="almousafer.almosap" name="Changethelanguage" time="2.543"/>
  <testcase classname="almousafer.almosap" name="CheckTheFooter" time="0.092"/>
  <testcase classname="almousafer.almosap" name="CheckhotelIsNotSelected" time="0.06"/>
  <testcase classname="almousafer.almosap" name="Checkthenumber" time="0.062"/>
</testsuite> <!-- Default test -->
