<?xml version="1.0" encoding="UTF-8"?>
<testng-results ignored="6" total="8" passed="2" failed="0" skipped="0">
  <reporter-output>
  </reporter-output>
  <suite started-at="2023-12-07T02:44:44 PST" name="Default suite" finished-at="2023-12-07T02:45:56 PST" duration-ms="71878">
    <groups>
    </groups>
    <test started-at="2023-12-07T02:44:44 PST" name="Default test" finished-at="2023-12-07T02:45:56 PST" duration-ms="71878">
      <class name="almousafer.almosap">
        <test-method is-config="true" signature="Mypeforetest()[pri:0, instance:almousafer.almosap@4de41af9]" started-at="2023-12-07T02:44:44 PST" name="Mypeforetest" finished-at="2023-12-07T02:45:29 PST" duration-ms="44728" status="PASS">
          <reporter-output>
          </reporter-output>
        </test-method> <!-- Mypeforetest -->
        <test-method signature="CheckhotelIsNotSelected()[pri:0, instance:almousafer.almosap@4de41af9]" started-at="2023-12-07T02:45:29 PST" name="CheckhotelIsNotSelected" finished-at="2023-12-07T02:45:29 PST" duration-ms="648" status="PASS">
          <reporter-output>
          </reporter-output>
        </test-method> <!-- CheckhotelIsNotSelected -->
        <test-method signature="HotelTabSwitch()[pri:0, instance:almousafer.almosap@4de41af9]" started-at="2023-12-07T02:45:29 PST" name="HotelTabSwitch" finished-at="2023-12-07T02:45:56 PST" duration-ms="26242" status="PASS">
          <reporter-output>
          </reporter-output>
        </test-method> <!-- HotelTabSwitch -->
        <test-method is-config="true" signature="Myaftertest()[pri:0, instance:almousafer.almosap@4de41af9]" started-at="2023-12-07T02:45:56 PST" name="Myaftertest" finished-at="2023-12-07T02:45:56 PST" duration-ms="0" status="PASS">
          <reporter-output>
          </reporter-output>
        </test-method> <!-- Myaftertest -->
      </class> <!-- almousafer.almosap -->
    </test> <!-- Default test -->
  </suite> <!-- Default suite -->
</testng-results>
